<?xml version="1.0" encoding="UTF-8"?>
<!-- Generated by org.testng.reporters.JUnitReportReporter -->
<testsuite hostname="DESKTOP-RPMO6KI" failures="0" tests="1" name="objectRepoTest.PageFactoryExample" time="9.049" errors="0" timestamp="2022-05-30T10:58:39 IST" skipped="0">
  <testcase classname="objectRepoTest.PageFactoryExample" name="mainTest" time="9.049"/>
  <system-out/>
</testsuite> <!-- objectRepoTest.PageFactoryExample -->
