<?xml version="1.0" encoding="UTF-8"?>
<!-- Generated by org.testng.reporters.JUnitReportReporter -->
<testsuite hostname="DESKTOP-RPMO6KI" failures="0" tests="1" name="objectRepoTest.FacebookLoginPOM" time="13.906" errors="0" timestamp="2022-05-30T10:34:09 IST" skipped="0">
  <testcase classname="objectRepoTest.FacebookLoginPOM" name="mainTest" time="13.906"/>
  <system-out/>
</testsuite> <!-- objectRepoTest.FacebookLoginPOM -->
