<?xml version="1.0" encoding="UTF-8"?>
<!-- Generated by org.testng.reporters.JUnitReportReporter -->
<testsuite hostname="DESKTOP-RPMO6KI" failures="0" tests="1" name="com.framework.basics.AppTest" time="0.018" errors="0" timestamp="2022-05-25T10:54:48 IST" skipped="0">
  <testcase classname="com.framework.basics.AppTest" name="shouldAnswerWithTrue" time="0.018"/>
  <system-out/>
</testsuite> <!-- com.framework.basics.AppTest -->
