<?xml version="1.0" encoding="UTF-8"?>
<!-- Generated by org.testng.reporters.JUnitReportReporter -->
<testsuite hostname="DESKTOP-RPMO6KI" failures="0" tests="1" name="com.framework.basics.SmokeAppTest" time="0.001" errors="0" timestamp="2022-06-03T10:02:18 IST" skipped="0">
  <testcase classname="com.framework.basics.SmokeAppTest" name="test" time="0.001"/>
  <system-out/>
</testsuite> <!-- com.framework.basics.SmokeAppTest -->
